#
# A fatal error has been detected by the Java Runtime Environment:
#
#  SIGSEGV (0xb) at pc=0x0000000108c7272f, pid=1402, tid=11267
#
# JRE version: Java(TM) SE Runtime Environment (8.0_20-b26) (build 1.8.0_20-b26)
# Java VM: Java HotSpot(TM) 64-Bit Server VM (25.20-b23 mixed mode bsd-amd64 compressed oops)
# Problematic frame:
# V  [libjvm.dylib+0x2d672f]
#
# Failed to write core dump. Core dumps have been disabled. To enable core dumping, try "ulimit -c unlimited" before starting Java again
#
# If you would like to submit a bug report, please visit:
#   http://bugreport.sun.com/bugreport/crash.jsp
#

---------------  T H R E A D  ---------------

Current thread (0x00007fa5e4012800):  VMThread [stack: 0x0000700000629000,0x0000700000729000] [id=11267]

siginfo: si_signo: 11 (SIGSEGV), si_code: 1 (SEGV_MAPERR), si_addr: 0x000000000000003c

Registers:
RAX=0x000000000000003c, RBX=0x00000007c00d8b30, RCX=0x0000000000000000, RDX=0x0000000000000000
RSP=0x0000700000728960, RBP=0x0000700000728960, RSI=0x00007000007289f0, RDI=0x0000000000000000
R8 =0x0000000000000000, R9 =0x0000000000000084, R10=0x9d03000000000000, R11=0xffff9001263bf838
R12=0x000000000000000a, R13=0x0000000000002c00, R14=0x00007000024ac640, R15=0x00000007c00d8b30
RIP=0x0000000108c7272f, EFLAGS=0x0000000000010202, ERR=0x0000000000000004
  TRAPNO=0x000000000000000e

Top of Stack: (sp=0x0000700000728960)
0x0000700000728960:   0000700000728a40 0000000108c2968b
0x0000700000728970:   04000001230dbc30 00002001230dbc30
0x0000700000728980:   0000000000000000 0000000000000000
0x0000700000728990:   0000000000000000 10488dc206000000
0x00007000007289a0:   0000000000000000 0000000000000000
0x00007000007289b0:   00028cc206000000 28fb8bc206000000
0x00007000007289c0:   0100000001000000 58391fc206000000
0x00007000007289d0:   200000000000039b 0000000000000003
0x00007000007289e0:   7037d5c106000000 0000000000000003
0x00007000007289f0:   0000000000000000 0000000000000000
0x0000700000728a00:   0000000000000000 a8008cc206000000
0x0000700000728a10:   0000000000000000 00007fa5e2c0ab60
0x0000700000728a20:   000000000000000a 0000000000002c00
0x0000700000728a30:   0000000108c286e4 00000007c00d8b30
0x0000700000728a40:   0000700000728a70 0000000108b21a82
0x0000700000728a50:   000000000000000a 00007000024ac5b0
0x0000700000728a60:   0000000108c28122 000000010919fc90
0x0000700000728a70:   0000700000728b60 0000000108c27325
0x0000700000728a80:   0000700000728aa0 0000700000728b30
0x0000700000728a90:   0000700000728b58 0000700000728b30
0x0000700000728aa0:   0000700000728be0 0000000108e4c928
0x0000700000728ab0:   00007fa5e2e19168 0000000000000100
0x0000700000728ac0:   0000000000000000 0000000000000000
0x0000700000728ad0:   0000000000000000 0000006000000000
0x0000700000728ae0:   036cad00036cad00 00007fa5e2e19100
0x0000700000728af0:   000000010921c130 00007000024ac640
0x0000700000728b00:   00007fa5e4012800 00007fa5e2e18970
0x0000700000728b10:   00007fa5e2e189a0 00007fa5e2e189b0
0x0000700000728b20:   00007fa5e2e18a88 00000000000000d8
0x0000700000728b30:   0000700000728da8 0000000000000000
0x0000700000728b40:   9771f24051010000 08000000e4012800
0x0000700000728b50:   00007000024ac5b0 0000000000000000 

Instructions: (pc=0x0000000108c7272f)
0x0000000108c7270f:   eb 04 48 8b 04 07 5d c3 90 55 48 89 e5 48 8d 05
0x0000000108c7271f:   dd cd 5b 00 80 38 00 48 63 05 b7 d7 5b 00 74 1e
0x0000000108c7272f:   8b 04 07 48 85 c0 75 04 31 c0 eb 16 48 8d 15 5e
0x0000000108c7273f:   a6 51 00 8a 4a 08 48 d3 e0 48 03 02 eb 04 48 8b 

Register to memory mapping:

RAX=0x000000000000003c is an unknown value
RBX=0x00000007c00d8b30 is pointing into metadata
RCX=0x0000000000000000 is an unknown value
RDX=0x0000000000000000 is an unknown value
RSP=0x0000700000728960 is an unknown value
RBP=0x0000700000728960 is an unknown value
RSI=0x00007000007289f0 is an unknown value
RDI=0x0000000000000000 is an unknown value
R8 =0x0000000000000000 is an unknown value
R9 =0x0000000000000084 is an unknown value
R10=0x9d03000000000000 is an unknown value
R11=0xffff9001263bf838 is an unknown value
R12=0x000000000000000a is an unknown value
R13=0x0000000000002c00 is an unknown value
R14=0x00007000024ac640 is pointing into the stack for thread: 0x00007fa5e3940000
R15=0x00000007c00d8b30 is pointing into metadata


Stack: [0x0000700000629000,0x0000700000729000],  sp=0x0000700000728960,  free space=1022k
Native frames: (J=compiled Java code, j=interpreted, Vv=VM code, C=native code)
V  [libjvm.dylib+0x2d672f]
V  [libjvm.dylib+0x28d68b]
V  [libjvm.dylib+0x185a82]
V  [libjvm.dylib+0x28b325]
V  [libjvm.dylib+0x57fe31]
V  [libjvm.dylib+0x57e4a3]
V  [libjvm.dylib+0x57e8f0]
V  [libjvm.dylib+0x57e20f]
V  [libjvm.dylib+0x45d35a]
C  [libsystem_pthread.dylib+0x39b1]  _pthread_body+0x83
C  [libsystem_pthread.dylib+0x392e]  _pthread_body+0x0
C  [libsystem_pthread.dylib+0x1385]  thread_start+0xd

VM_Operation (0x00007000024ac5b0): HeapDumper, mode: safepoint, requested by thread 0x00007fa5e3940000


---------------  P R O C E S S  ---------------

Java Threads: ( => current thread )
  0x00007fa5e415e000 JavaThread "pool-1-thread-25" [_thread_blocked, id=34563, stack(0x0000700002cc9000,0x0000700002dc9000)]
  0x00007fa5e399b000 JavaThread "pool-1-thread-24" [_thread_blocked, id=34051, stack(0x0000700002bc6000,0x0000700002cc6000)]
  0x00007fa5e3947000 JavaThread "pool-1-thread-23" [_thread_blocked, id=33539, stack(0x0000700002ac3000,0x0000700002bc3000)]
  0x00007fa5e3946800 JavaThread "pool-1-thread-22" [_thread_blocked, id=33027, stack(0x00007000029c0000,0x0000700002ac0000)]
  0x00007fa5e4155000 JavaThread "pool-1-thread-21" [_thread_blocked, id=32515, stack(0x00007000028bd000,0x00007000029bd000)]
  0x00007fa5e3943800 JavaThread "pool-1-thread-20" [_thread_blocked, id=32003, stack(0x00007000027ba000,0x00007000028ba000)]
  0x00007fa5e4153800 JavaThread "pool-1-thread-19" [_thread_blocked, id=31491, stack(0x00007000026b7000,0x00007000027b7000)]
  0x00007fa5e49d2000 JavaThread "pool-1-thread-18" [_thread_blocked, id=30979, stack(0x00007000025b4000,0x00007000026b4000)]
  0x00007fa5e3941000 JavaThread "pool-1-thread-17" [_thread_blocked, id=30467, stack(0x00007000024b1000,0x00007000025b1000)]
  0x00007fa5e3940000 JavaThread "pool-1-thread-16" [_thread_blocked, id=29955, stack(0x00007000023ae000,0x00007000024ae000)]
  0x00007fa5e49df000 JavaThread "pool-1-thread-15" [_thread_blocked, id=29443, stack(0x00007000022ab000,0x00007000023ab000)]
  0x00007fa5e414b800 JavaThread "pool-1-thread-14" [_thread_blocked, id=28931, stack(0x00007000021a8000,0x00007000022a8000)]
  0x00007fa5e414b000 JavaThread "pool-1-thread-13" [_thread_blocked, id=28419, stack(0x00007000020a5000,0x00007000021a5000)]
  0x00007fa5e3234000 JavaThread "pool-1-thread-12" [_thread_blocked, id=27907, stack(0x0000700001fa2000,0x00007000020a2000)]
  0x00007fa5e49d8000 JavaThread "pool-1-thread-11" [_thread_blocked, id=27395, stack(0x0000700001e9f000,0x0000700001f9f000)]
  0x00007fa5e414a000 JavaThread "pool-1-thread-10" [_thread_blocked, id=26883, stack(0x0000700001d9c000,0x0000700001e9c000)]
  0x00007fa5e393c000 JavaThread "pool-1-thread-9" [_thread_blocked, id=26371, stack(0x0000700001c99000,0x0000700001d99000)]
  0x00007fa5e393b000 JavaThread "pool-1-thread-8" [_thread_blocked, id=25859, stack(0x0000700001b96000,0x0000700001c96000)]
  0x00007fa5e4142000 JavaThread "pool-1-thread-7" [_thread_blocked, id=25347, stack(0x0000700001a93000,0x0000700001b93000)]
  0x00007fa5e4095800 JavaThread "pool-1-thread-6" [_thread_blocked, id=24835, stack(0x0000700001990000,0x0000700001a90000)]
  0x00007fa5e393a800 JavaThread "pool-1-thread-5" [_thread_blocked, id=24323, stack(0x000070000188d000,0x000070000198d000)]
  0x00007fa5e322e000 JavaThread "pool-1-thread-4" [_thread_blocked, id=23811, stack(0x000070000178a000,0x000070000188a000)]
  0x00007fa5e322d800 JavaThread "pool-1-thread-3" [_thread_blocked, id=23299, stack(0x0000700001687000,0x0000700001787000)]
  0x00007fa5e322c800 JavaThread "pool-1-thread-2" [_thread_blocked, id=22787, stack(0x0000700001584000,0x0000700001684000)]
  0x00007fa5e3935800 JavaThread "pool-1-thread-1" [_thread_blocked, id=22275, stack(0x0000700001481000,0x0000700001581000)]
  0x00007fa5e4094000 JavaThread "Service Thread" daemon [_thread_blocked, id=21251, stack(0x000070000127b000,0x000070000137b000)]
  0x00007fa5e31d8800 JavaThread "C1 CompilerThread2" daemon [_thread_blocked, id=20739, stack(0x0000700001178000,0x0000700001278000)]
  0x00007fa5e49a7800 JavaThread "C2 CompilerThread1" daemon [_thread_blocked, id=20227, stack(0x0000700001075000,0x0000700001175000)]
  0x00007fa5e38c2000 JavaThread "C2 CompilerThread0" daemon [_thread_blocked, id=19207, stack(0x0000700000e6f000,0x0000700000f6f000)]
  0x00007fa5e49a9000 JavaThread "*** Profiler Agent Special Execution Thread 10" daemon [_thread_blocked, id=19715, stack(0x0000700000f72000,0x0000700001072000)]
  0x00007fa5e48fe800 JavaThread "*** Profiler Agent Special Execution Thread 6" daemon [_thread_blocked, id=18179, stack(0x0000700000d41000,0x0000700000e41000)]
  0x00007fa5e48fd000 JavaThread "*** JFluid Monitor thread ***" daemon [_thread_blocked, id=17667, stack(0x0000700000c3e000,0x0000700000d3e000)]
  0x00007fa5e3895800 JavaThread "*** Profiler Agent Communication Thread" daemon [_thread_in_native, id=17155, stack(0x0000700000b3b000,0x0000700000c3b000)]
  0x00007fa5e4854000 JavaThread "Signal Dispatcher" daemon [_thread_blocked, id=12815, stack(0x0000700000a38000,0x0000700000b38000)]
  0x00007fa5e4020000 JavaThread "Finalizer" daemon [_thread_blocked, id=12291, stack(0x000070000082f000,0x000070000092f000)]
  0x00007fa5e302b000 JavaThread "Reference Handler" daemon [_thread_blocked, id=11779, stack(0x000070000072c000,0x000070000082c000)]
  0x00007fa5e4001800 JavaThread "main" [_thread_blocked, id=5891, stack(0x000070000011a000,0x000070000021a000)]

Other Threads:
=>0x00007fa5e4012800 VMThread [stack: 0x0000700000629000,0x0000700000729000] [id=11267]
  0x00007fa5e38e6000 WatcherThread [stack: 0x000070000137e000,0x000070000147e000] [id=21763]

VM state:at safepoint (normal execution)

VM Mutex/Monitor currently owned by a thread:  ([mutex/lock_event])
[0x00007fa5e2f03740] Threads_lock - owner thread: 0x00007fa5e4012800
[0x00007fa5e2f03c40] Heap_lock - owner thread: 0x00007fa5e3940000

Heap:
 PSYoungGen      total 931840K, used 465920K [0x000000076ab00000, 0x00000007c0000000, 0x00000007c0000000)
  eden space 465920K, 100% used [0x000000076ab00000,0x0000000787200000,0x0000000787200000)
  from space 465920K, 0% used [0x0000000787200000,0x0000000787200000,0x00000007a3900000)
  to   space 465920K, 0% used [0x00000007a3900000,0x00000007a3900000,0x00000007c0000000)
 ParOldGen       total 2796544K, used 2796409K [0x00000006c0000000, 0x000000076ab00000, 0x000000076ab00000)
  object space 2796544K, 99% used [0x00000006c0000000,0x000000076aade560,0x000000076ab00000)
 Metaspace       used 7807K, capacity 7978K, committed 8192K, reserved 1056768K
  class space    used 863K, capacity 927K, committed 1024K, reserved 1048576K

Card table byte_map: [0x00000001195c0000,0x0000000119dc1000] byte_map_base: 0x0000000115fc0000

Marking Bits: (ParMarkBitMap*) 0x0000000109238330
 Begin Bits: [0x000000011a317000, 0x000000011e317000)
 End Bits:   [0x000000011e317000, 0x0000000122317000)

Polling page: 0x00000001099b4000

CodeCache: size=245760Kb used=3762Kb max_used=3776Kb free=241997Kb
 bounds [0x000000010a200000, 0x000000010a5c0000, 0x0000000119200000]
 total_blobs=1313 nmethods=991 adapters=237
 compilation: enabled

Compilation events (10 events):
Event: 787.995 Thread 0x00007fa5e31d8800 1361       3       org.netbeans.lib.profiler.wireprotocol.DumpResultsResponse::<init> (12 bytes)
Event: 787.995 Thread 0x00007fa5e31d8800 nmethod 1361 0x000000010a3dd150 code [0x000000010a3dd2c0, 0x000000010a3dd4d0]
Event: 787.995 Thread 0x00007fa5e31d8800 1362       3       org.netbeans.lib.profiler.wireprotocol.DumpResultsResponse::writeObject (9 bytes)
Event: 787.995 Thread 0x00007fa5e31d8800 nmethod 1362 0x000000010a406f90 code [0x000000010a407100, 0x000000010a407308]
Event: 792.666 Thread 0x00007fa5e31d8800 1363       1       org.netbeans.lib.profiler.server.ProfilerServer::getProfilingSessionStatus (4 bytes)
Event: 792.666 Thread 0x00007fa5e31d8800 nmethod 1363 0x000000010a3dcdd0 code [0x000000010a3dcf20, 0x000000010a3dd030]
Event: 804.324 Thread 0x00007fa5e38c2000 1364       4       org.netbeans.lib.profiler.server.Monitors$ThreadDataTable::findDeathThreads (84 bytes)
Event: 804.325 Thread 0x00007fa5e38c2000 nmethod 1364 0x000000010a32d710 code [0x000000010a32d860, 0x000000010a32d8d8]
Event: 819.702 Thread 0x00007fa5e49a7800 1365       4       org.netbeans.lib.profiler.server.Monitors$SurvGenAndThreadsMonitor::updateSurvGenData (104 bytes)
Event: 819.713 Thread 0x00007fa5e49a7800 nmethod 1365 0x000000010a5b1890 code [0x000000010a5b1a60, 0x000000010a5b26f0]

GC Heap History (10 events):
Event: 1049.417 GC heap before
{Heap before GC invocations=327 (full 104):
 PSYoungGen      total 931840K, used 465920K [0x000000076ab00000, 0x00000007c0000000, 0x00000007c0000000)
  eden space 465920K, 100% used [0x000000076ab00000,0x0000000787200000,0x0000000787200000)
  from space 465920K, 0% used [0x0000000787200000,0x0000000787200000,0x00000007a3900000)
  to   space 465920K, 0% used [0x00000007a3900000,0x00000007a3900000,0x00000007c0000000)
 ParOldGen       total 2796544K, used 2796409K [0x00000006c0000000, 0x000000076ab00000, 0x000000076ab00000)
  object space 2796544K, 99% used [0x00000006c0000000,0x000000076aade560,0x000000076ab00000)
 Metaspace       used 7805K, capacity 7978K, committed 8192K, reserved 1056768K
  class space    used 862K, capacity 927K, committed 1024K, reserved 1048576K
Event: 1054.052 GC heap after
Heap after GC invocations=327 (full 104):
 PSYoungGen      total 931840K, used 465916K [0x000000076ab00000, 0x00000007c0000000, 0x00000007c0000000)
  eden space 465920K, 99% used [0x000000076ab00000,0x00000007871ff030,0x0000000787200000)
  from space 465920K, 0% used [0x0000000787200000,0x0000000787200000,0x00000007a3900000)
  to   space 465920K, 0% used [0x00000007a3900000,0x00000007a3900000,0x00000007c0000000)
 ParOldGen       total 2796544K, used 2796409K [0x00000006c0000000, 0x000000076ab00000, 0x000000076ab00000)
  object space 2796544K, 99% used [0x00000006c0000000,0x000000076aade560,0x000000076ab00000)
 Metaspace       used 7805K, capacity 7978K, committed 8192K, reserved 1056768K
  class space    used 862K, capacity 927K, committed 1024K, reserved 1048576K
}
Event: 1054.052 GC heap before
{Heap before GC invocations=328 (full 105):
 PSYoungGen      total 931840K, used 465920K [0x000000076ab00000, 0x00000007c0000000, 0x00000007c0000000)
  eden space 465920K, 100% used [0x000000076ab00000,0x0000000787200000,0x0000000787200000)
  from space 465920K, 0% used [0x0000000787200000,0x0000000787200000,0x00000007a3900000)
  to   space 465920K, 0% used [0x00000007a3900000,0x00000007a3900000,0x00000007c0000000)
 ParOldGen       total 2796544K, used 2796409K [0x00000006c0000000, 0x000000076ab00000, 0x000000076ab00000)
  object space 2796544K, 99% used [0x00000006c0000000,0x000000076aade560,0x000000076ab00000)
 Metaspace       used 7805K, capacity 7978K, committed 8192K, reserved 1056768K
  class space    used 862K, capacity 927K, committed 1024K, reserved 1048576K
Event: 1058.118 GC heap after
Heap after GC invocations=328 (full 105):
 PSYoungGen      total 931840K, used 465916K [0x000000076ab00000, 0x00000007c0000000, 0x00000007c0000000)
  eden space 465920K, 99% used [0x000000076ab00000,0x00000007871ff260,0x0000000787200000)
  from space 465920K, 0% used [0x0000000787200000,0x0000000787200000,0x00000007a3900000)
  to   space 465920K, 0% used [0x00000007a3900000,0x00000007a3900000,0x00000007c0000000)
 ParOldGen       total 2796544K, used 2796409K [0x00000006c0000000, 0x000000076ab00000, 0x000000076ab00000)
  object space 2796544K, 99% used [0x00000006c0000000,0x000000076aade560,0x000000076ab00000)
 Metaspace       used 7805K, capacity 7978K, committed 8192K, reserved 1056768K
  class space    used 862K, capacity 927K, committed 1024K, reserved 1048576K
}
Event: 1058.118 GC heap before
{Heap before GC invocations=329 (full 106):
 PSYoungGen      total 931840K, used 465920K [0x000000076ab00000, 0x00000007c0000000, 0x00000007c0000000)
  eden space 465920K, 100% used [0x000000076ab00000,0x0000000787200000,0x0000000787200000)
  from space 465920K, 0% used [0x0000000787200000,0x0000000787200000,0x00000007a3900000)
  to   space 465920K, 0% used [0x00000007a3900000,0x00000007a3900000,0x00000007c0000000)
 ParOldGen       total 2796544K, used 2796409K [0x00000006c0000000, 0x000000076ab00000, 0x000000076ab00000)
  object space 2796544K, 99% used [0x00000006c0000000,0x000000076aade560,0x000000076ab00000)
 Metaspace       used 7805K, capacity 7978K, committed 8192K, reserved 1056768K
  class space    used 862K, capacity 927K, committed 1024K, reserved 1048576K
Event: 1062.146 GC heap after
Heap after GC invocations=329 (full 106):
 PSYoungGen      total 931840K, used 465917K [0x000000076ab00000, 0x00000007c0000000, 0x00000007c0000000)
  eden space 465920K, 99% used [0x000000076ab00000,0x00000007871ff460,0x0000000787200000)
  from space 465920K, 0% used [0x0000000787200000,0x0000000787200000,0x00000007a3900000)
  to   space 465920K, 0% used [0x00000007a3900000,0x00000007a3900000,0x00000007c0000000)
 ParOldGen       total 2796544K, used 2796409K [0x00000006c0000000, 0x000000076ab00000, 0x000000076ab00000)
  object space 2796544K, 99% used [0x00000006c0000000,0x000000076aade560,0x000000076ab00000)
 Metaspace       used 7805K, capacity 7978K, committed 8192K, reserved 1056768K
  class space    used 862K, capacity 927K, committed 1024K, reserved 1048576K
}
Event: 1062.146 GC heap before
{Heap before GC invocations=330 (full 107):
 PSYoungGen      total 931840K, used 465920K [0x000000076ab00000, 0x00000007c0000000, 0x00000007c0000000)
  eden space 465920K, 100% used [0x000000076ab00000,0x0000000787200000,0x0000000787200000)
  from space 465920K, 0% used [0x0000000787200000,0x0000000787200000,0x00000007a3900000)
  to   space 465920K, 0% used [0x00000007a3900000,0x00000007a3900000,0x00000007c0000000)
 ParOldGen       total 2796544K, used 2796409K [0x00000006c0000000, 0x000000076ab00000, 0x000000076ab00000)
  object space 2796544K, 99% used [0x00000006c0000000,0x000000076aade560,0x000000076ab00000)
 Metaspace       used 7807K, capacity 7978K, committed 8192K, reserved 1056768K
  class space    used 863K, capacity 927K, committed 1024K, reserved 1048576K
Event: 1065.930 GC heap after
Heap after GC invocations=330 (full 107):
 PSYoungGen      total 931840K, used 465917K [0x000000076ab00000, 0x00000007c0000000, 0x00000007c0000000)
  eden space 465920K, 99% used [0x000000076ab00000,0x00000007871ff768,0x0000000787200000)
  from space 465920K, 0% used [0x0000000787200000,0x0000000787200000,0x00000007a3900000)
  to   space 465920K, 0% used [0x00000007a3900000,0x00000007a3900000,0x00000007c0000000)
 ParOldGen       total 2796544K, used 2796409K [0x00000006c0000000, 0x000000076ab00000, 0x000000076ab00000)
  object space 2796544K, 99% used [0x00000006c0000000,0x000000076aade560,0x000000076ab00000)
 Metaspace       used 7807K, capacity 7978K, committed 8192K, reserved 1056768K
  class space    used 863K, capacity 927K, committed 1024K, reserved 1048576K
}
Event: 1065.930 GC heap before
{Heap before GC invocations=331 (full 108):
 PSYoungGen      total 931840K, used 465920K [0x000000076ab00000, 0x00000007c0000000, 0x00000007c0000000)
  eden space 465920K, 100% used [0x000000076ab00000,0x0000000787200000,0x0000000787200000)
  from space 465920K, 0% used [0x0000000787200000,0x0000000787200000,0x00000007a3900000)
  to   space 465920K, 0% used [0x00000007a3900000,0x00000007a3900000,0x00000007c0000000)
 ParOldGen       total 2796544K, used 2796409K [0x00000006c0000000, 0x000000076ab00000, 0x000000076ab00000)
  object space 2796544K, 99% used [0x00000006c0000000,0x000000076aade560,0x000000076ab00000)
 Metaspace       used 7807K, capacity 7978K, committed 8192K, reserved 1056768K
  class space    used 863K, capacity 927K, committed 1024K, reserved 1048576K
Event: 1070.037 GC heap after
Heap after GC invocations=331 (full 108):
 PSYoungGen      total 931840K, used 465917K [0x000000076ab00000, 0x00000007c0000000, 0x00000007c0000000)
  eden space 465920K, 99% used [0x000000076ab00000,0x00000007871ff4a8,0x0000000787200000)
  from space 465920K, 0% used [0x0000000787200000,0x0000000787200000,0x00000007a3900000)
  to   space 465920K, 0% used [0x00000007a3900000,0x00000007a3900000,0x00000007c0000000)
 ParOldGen       total 2796544K, used 2796409K [0x00000006c0000000, 0x000000076ab00000, 0x000000076ab00000)
  object space 2796544K, 99% used [0x00000006c0000000,0x000000076aade560,0x000000076ab00000)
 Metaspace       used 7807K, capacity 7978K, committed 8192K, reserved 1056768K
  class space    used 863K, capacity 927K, committed 1024K, reserved 1048576K
}

Deoptimization events (10 events):
Event: 153.619 Thread 0x00007fa5e415e000 Uncommon trap: reason=class_check action=maybe_recompile pc=0x000000010a57997c method=net.sf.jsqlparser.statement.select.PlainSelect.getStringList(Ljava/util/List;ZZ)Ljava/lang/String; @ 49
Event: 153.619 Thread 0x00007fa5e415e000 Uncommon trap: reason=class_check action=maybe_recompile pc=0x000000010a57997c method=net.sf.jsqlparser.statement.select.PlainSelect.getStringList(Ljava/util/List;ZZ)Ljava/lang/String; @ 49
Event: 153.620 Thread 0x00007fa5e415e000 Uncommon trap: reason=class_check action=maybe_recompile pc=0x000000010a57997c method=net.sf.jsqlparser.statement.select.PlainSelect.getStringList(Ljava/util/List;ZZ)Ljava/lang/String; @ 49
Event: 153.620 Thread 0x00007fa5e415e000 Uncommon trap: reason=class_check action=maybe_recompile pc=0x000000010a57997c method=net.sf.jsqlparser.statement.select.PlainSelect.getStringList(Ljava/util/List;ZZ)Ljava/lang/String; @ 49
Event: 153.720 Thread 0x00007fa5e415e000 Uncommon trap: reason=class_check action=maybe_recompile pc=0x000000010a4d2754 method=edu.ub.tbd.parser.AnalyticsGen.generate()Ljava/util/ArrayList; @ 51
Event: 157.866 Thread 0x00007fa5e415e000 Uncommon trap: reason=class_check action=maybe_recompile pc=0x000000010a4d2754 method=edu.ub.tbd.parser.AnalyticsGen.generate()Ljava/util/ArrayList; @ 51
Event: 157.874 Thread 0x00007fa5e415e000 Uncommon trap: reason=class_check action=maybe_recompile pc=0x000000010a3bbde0 method=edu.ub.tbd.parser.AnalyticsGen.generate()Ljava/util/ArrayList; @ 51
Event: 160.744 Thread 0x00007fa5e415e000 Uncommon trap: reason=bimorphic action=maybe_recompile pc=0x000000010a58573c method=edu.ub.tbd.parser.AnalyticsGen$SelectUnionParser.visit(Lnet/sf/jsqlparser/statement/select/PlainSelect;)V @ 7
Event: 160.746 Thread 0x00007fa5e415e000 Uncommon trap: reason=bimorphic action=maybe_recompile pc=0x000000010a58573c method=edu.ub.tbd.parser.AnalyticsGen$SelectUnionParser.visit(Lnet/sf/jsqlparser/statement/select/PlainSelect;)V @ 7
Event: 1062.146 Thread 0x00007fa5e414a000 Uncommon trap: reason=unloaded action=reinterpret pc=0x000000010a48bfb4 method=sun.reflect.GeneratedMethodAccessor2.invoke(Ljava/lang/Object;[Ljava/lang/Object;)Ljava/lang/Object; @ 57

Internal exceptions (10 events):
Event: 5.818 Thread 0x00007fa5e4142000 Exception <a 'java/lang/NoSuchMethodError': <clinit>> (0x000000076ce55b30) thrown at [/HUDSON3/workspace/8-2-build-macosx-x86_64/jdk8u20/1074/hotspot/src/share/vm/prims/jni.cpp, line 1603]
Event: 5.827 Thread 0x00007fa5e4142000 Exception <a 'java/security/PrivilegedActionException'> (0x000000076ce5fe30) thrown at [/HUDSON3/workspace/8-2-build-macosx-x86_64/jdk8u20/1074/hotspot/src/share/vm/prims/jvm.cpp, line 1275]
Event: 5.916 Thread 0x00007fa5e4142000 Exception <a 'java/lang/NoSuchMethodError': <clinit>> (0x000000076ce6d288) thrown at [/HUDSON3/workspace/8-2-build-macosx-x86_64/jdk8u20/1074/hotspot/src/share/vm/prims/jni.cpp, line 1603]
Event: 6.214 Thread 0x00007fa5e322d800 Exception <a 'java/security/PrivilegedActionException'> (0x000000076d5e9990) thrown at [/HUDSON3/workspace/8-2-build-macosx-x86_64/jdk8u20/1074/hotspot/src/share/vm/prims/jvm.cpp, line 1275]
Event: 6.218 Thread 0x00007fa5e322d800 Exception <a 'java/lang/NoSuchMethodError': <clinit>> (0x000000076d5f3d08) thrown at [/HUDSON3/workspace/8-2-build-macosx-x86_64/jdk8u20/1074/hotspot/src/share/vm/prims/jni.cpp, line 1603]
Event: 7.021 Thread 0x00007fa5e393c000 Exception <a 'java/security/PrivilegedActionException'> (0x000000076f945528) thrown at [/HUDSON3/workspace/8-2-build-macosx-x86_64/jdk8u20/1074/hotspot/src/share/vm/prims/jvm.cpp, line 1275]
Event: 7.026 Thread 0x00007fa5e393c000 Exception <a 'java/lang/NoSuchMethodError': <clinit>> (0x000000076f950378) thrown at [/HUDSON3/workspace/8-2-build-macosx-x86_64/jdk8u20/1074/hotspot/src/share/vm/prims/jni.cpp, line 1603]
Event: 33.327 Thread 0x00007fa5e49d8000 Exception <a 'java/security/PrivilegedActionException'> (0x000000077b4b1ca0) thrown at [/HUDSON3/workspace/8-2-build-macosx-x86_64/jdk8u20/1074/hotspot/src/share/vm/prims/jvm.cpp, line 1275]
Event: 33.332 Thread 0x00007fa5e49d8000 Exception <a 'java/lang/NoSuchMethodError': <clinit>> (0x000000077b4bc7b0) thrown at [/HUDSON3/workspace/8-2-build-macosx-x86_64/jdk8u20/1074/hotspot/src/share/vm/prims/jni.cpp, line 1603]
Event: 1058.118 Thread 0x00007fa5e414a000 Exception <a 'java/lang/OutOfMemoryError'> (0x00000006c0538128) thrown at [/HUDSON3/workspace/8-2-build-macosx-x86_64/jdk8u20/1074/hotspot/src/share/vm/gc_interface/collectedHeap.inline.hpp, line 170]

Events (10 events):
Event: 1058.118 Executing VM operation: ParallelGCFailedAllocation
Event: 1058.118 Thread 0x00007fa5e414a000 DEOPT UNPACKING pc=0x000000010a247373 sp=0x0000700001e9aad8 mode 1
Event: 1062.146 Executing VM operation: ParallelGCFailedAllocation done
Event: 1062.146 Thread 0x00007fa5e414a000 Uncommon trap: trap_request=0x00000018 fr.pc=0x000000010a48bfb4
Event: 1062.146 loading class java/lang/reflect/InvocationTargetException
Event: 1062.146 Executing VM operation: ParallelGCFailedAllocation
Event: 1065.930 Executing VM operation: ParallelGCFailedAllocation done
Event: 1065.930 Executing VM operation: ParallelGCFailedAllocation
Event: 1070.037 Executing VM operation: ParallelGCFailedAllocation done
Event: 1070.038 Executing VM operation: HeapDumper


Dynamic libraries:
0x0000000005552000 	/System/Library/Frameworks/Cocoa.framework/Versions/A/Cocoa
0x0000000005552000 	/System/Library/Frameworks/Security.framework/Versions/A/Security
0x0000000005552000 	/System/Library/Frameworks/ApplicationServices.framework/Versions/A/ApplicationServices
0x0000000005552000 	/usr/lib/libz.1.dylib
0x0000000005552000 	/usr/lib/libSystem.B.dylib
0x0000000005552000 	/usr/lib/libobjc.A.dylib
0x0000000005552000 	/System/Library/Frameworks/CoreFoundation.framework/Versions/A/CoreFoundation
0x0000000005552000 	/System/Library/Frameworks/Foundation.framework/Versions/C/Foundation
0x0000000005552000 	/System/Library/Frameworks/AppKit.framework/Versions/C/AppKit
0x0000000005552000 	/System/Library/Frameworks/CoreData.framework/Versions/A/CoreData
0x0000000005552000 	/System/Library/PrivateFrameworks/RemoteViewServices.framework/Versions/A/RemoteViewServices
0x0000000005552000 	/System/Library/PrivateFrameworks/UIFoundation.framework/Versions/A/UIFoundation
0x0000000005552000 	/usr/lib/libScreenReader.dylib
0x0000000005552000 	/System/Library/Frameworks/Accelerate.framework/Versions/A/Accelerate
0x0000000005552000 	/System/Library/Frameworks/IOSurface.framework/Versions/A/IOSurface
0x0000000005552000 	/System/Library/Frameworks/AudioToolbox.framework/Versions/A/AudioToolbox
0x0000000005552000 	/System/Library/Frameworks/AudioUnit.framework/Versions/A/AudioUnit
0x0000000005552000 	/System/Library/PrivateFrameworks/DataDetectorsCore.framework/Versions/A/DataDetectorsCore
0x0000000005552000 	/System/Library/PrivateFrameworks/DesktopServicesPriv.framework/Versions/A/DesktopServicesPriv
0x0000000005552000 	/System/Library/Frameworks/Carbon.framework/Versions/A/Frameworks/HIToolbox.framework/Versions/A/HIToolbox
0x0000000005552000 	/System/Library/Frameworks/QuartzCore.framework/Versions/A/QuartzCore
0x0000000005552000 	/System/Library/Frameworks/Carbon.framework/Versions/A/Frameworks/SpeechRecognition.framework/Versions/A/SpeechRecognition
0x0000000005552000 	/usr/lib/libauto.dylib
0x0000000005552000 	/usr/lib/libicucore.A.dylib
0x0000000005552000 	/usr/lib/libxml2.2.dylib
0x0000000005552000 	/System/Library/PrivateFrameworks/CoreUI.framework/Versions/A/CoreUI
0x0000000005552000 	/System/Library/Frameworks/CoreAudio.framework/Versions/A/CoreAudio
0x0000000005552000 	/System/Library/Frameworks/DiskArbitration.framework/Versions/A/DiskArbitration
0x0000000005552000 	/usr/lib/liblangid.dylib
0x0000000005552000 	/System/Library/PrivateFrameworks/MultitouchSupport.framework/Versions/A/MultitouchSupport
0x0000000005552000 	/System/Library/Frameworks/IOKit.framework/Versions/A/IOKit
0x0000000005552000 	/usr/lib/libDiagnosticMessagesClient.dylib
0x0000000005552000 	/System/Library/Frameworks/CoreServices.framework/Versions/A/CoreServices
0x0000000005552000 	/System/Library/PrivateFrameworks/PerformanceAnalysis.framework/Versions/A/PerformanceAnalysis
0x0000000005552000 	/System/Library/PrivateFrameworks/GenerationalStorage.framework/Versions/A/GenerationalStorage
0x0000000005552000 	/System/Library/Frameworks/OpenGL.framework/Versions/A/OpenGL
0x0000000005552000 	/System/Library/PrivateFrameworks/Sharing.framework/Versions/A/Sharing
0x0000000005552000 	/System/Library/Frameworks/CoreGraphics.framework/Versions/A/CoreGraphics
0x0000000005552000 	/System/Library/Frameworks/CoreImage.framework/Versions/A/CoreImage
0x0000000005552000 	/System/Library/Frameworks/CoreText.framework/Versions/A/CoreText
0x0000000005552000 	/System/Library/Frameworks/ImageIO.framework/Versions/A/ImageIO
0x0000000005552000 	/System/Library/PrivateFrameworks/Backup.framework/Versions/A/Backup
0x0000000005552000 	/usr/lib/libextension.dylib
0x0000000005552000 	/usr/lib/libarchive.2.dylib
0x0000000005552000 	/System/Library/Frameworks/CFNetwork.framework/Versions/A/CFNetwork
0x0000000005552000 	/System/Library/Frameworks/SystemConfiguration.framework/Versions/A/SystemConfiguration
0x0000000005552000 	/usr/lib/libCRFSuite.dylib
0x0000000005552000 	/usr/lib/libc++.1.dylib
0x0000000005552000 	/usr/lib/libc++abi.dylib
0x0000000005552000 	/usr/lib/system/libcache.dylib
0x0000000005552000 	/usr/lib/system/libcommonCrypto.dylib
0x0000000005552000 	/usr/lib/system/libcompiler_rt.dylib
0x0000000005552000 	/usr/lib/system/libcopyfile.dylib
0x0000000005552000 	/usr/lib/system/libcorecrypto.dylib
0x0000000005552000 	/usr/lib/system/libdispatch.dylib
0x0000000005552000 	/usr/lib/system/libdyld.dylib
0x0000000005552000 	/usr/lib/system/libkeymgr.dylib
0x0000000005552000 	/usr/lib/system/liblaunch.dylib
0x0000000005552000 	/usr/lib/system/libmacho.dylib
0x0000000005552000 	/usr/lib/system/libquarantine.dylib
0x0000000005552000 	/usr/lib/system/libremovefile.dylib
0x0000000005552000 	/usr/lib/system/libsystem_asl.dylib
0x0000000005552000 	/usr/lib/system/libsystem_blocks.dylib
0x0000000005552000 	/usr/lib/system/libsystem_c.dylib
0x0000000005552000 	/usr/lib/system/libsystem_configuration.dylib
0x0000000005552000 	/usr/lib/system/libsystem_coreservices.dylib
0x0000000005552000 	/usr/lib/system/libsystem_coretls.dylib
0x0000000005552000 	/usr/lib/system/libsystem_dnssd.dylib
0x0000000005552000 	/usr/lib/system/libsystem_info.dylib
0x0000000005552000 	/usr/lib/system/libsystem_kernel.dylib
0x0000000005552000 	/usr/lib/system/libsystem_m.dylib
0x0000000005552000 	/usr/lib/system/libsystem_malloc.dylib
0x0000000005552000 	/usr/lib/system/libsystem_network.dylib
0x0000000005552000 	/usr/lib/system/libsystem_networkextension.dylib
0x0000000005552000 	/usr/lib/system/libsystem_notify.dylib
0x0000000005552000 	/usr/lib/system/libsystem_platform.dylib
0x0000000005552000 	/usr/lib/system/libsystem_pthread.dylib
0x0000000005552000 	/usr/lib/system/libsystem_sandbox.dylib
0x0000000005552000 	/usr/lib/system/libsystem_secinit.dylib
0x0000000005552000 	/usr/lib/system/libsystem_trace.dylib
0x0000000005552000 	/usr/lib/system/libunc.dylib
0x0000000005552000 	/usr/lib/system/libunwind.dylib
0x0000000005552000 	/usr/lib/system/libxpc.dylib
0x0000000005552000 	/usr/lib/libenergytrace.dylib
0x0000000005552000 	/usr/lib/libbsm.0.dylib
0x0000000005552000 	/usr/lib/system/libkxld.dylib
0x0000000005552000 	/usr/lib/libxar.1.dylib
0x0000000005552000 	/usr/lib/libsqlite3.dylib
0x0000000005552000 	/usr/lib/libpam.2.dylib
0x0000000005552000 	/usr/lib/libOpenScriptingUtil.dylib
0x0000000005552000 	/usr/lib/libbz2.1.0.dylib
0x0000000005552000 	/usr/lib/liblzma.5.dylib
0x0000000005552000 	/System/Library/Frameworks/CoreServices.framework/Versions/A/Frameworks/FSEvents.framework/Versions/A/FSEvents
0x0000000005552000 	/System/Library/Frameworks/CoreServices.framework/Versions/A/Frameworks/CarbonCore.framework/Versions/A/CarbonCore
0x0000000005552000 	/System/Library/Frameworks/CoreServices.framework/Versions/A/Frameworks/Metadata.framework/Versions/A/Metadata
0x0000000005552000 	/System/Library/Frameworks/CoreServices.framework/Versions/A/Frameworks/OSServices.framework/Versions/A/OSServices
0x0000000005552000 	/System/Library/Frameworks/CoreServices.framework/Versions/A/Frameworks/SearchKit.framework/Versions/A/SearchKit
0x0000000005552000 	/System/Library/Frameworks/CoreServices.framework/Versions/A/Frameworks/AE.framework/Versions/A/AE
0x0000000005552000 	/System/Library/Frameworks/CoreServices.framework/Versions/A/Frameworks/LaunchServices.framework/Versions/A/LaunchServices
0x0000000005552000 	/System/Library/Frameworks/CoreServices.framework/Versions/A/Frameworks/DictionaryServices.framework/Versions/A/DictionaryServices
0x0000000005552000 	/System/Library/Frameworks/CoreServices.framework/Versions/A/Frameworks/SharedFileList.framework/Versions/A/SharedFileList
0x0000000005552000 	/System/Library/Frameworks/NetFS.framework/Versions/A/NetFS
0x0000000005552000 	/System/Library/PrivateFrameworks/NetAuth.framework/Versions/A/NetAuth
0x0000000005552000 	/System/Library/PrivateFrameworks/login.framework/Versions/A/Frameworks/loginsupport.framework/Versions/A/loginsupport
0x0000000005552000 	/System/Library/PrivateFrameworks/TCC.framework/Versions/A/TCC
0x0000000005552000 	/usr/lib/libmecabra.dylib
0x0000000005552000 	/System/Library/Frameworks/ApplicationServices.framework/Versions/A/Frameworks/ATS.framework/Versions/A/ATS
0x0000000005552000 	/System/Library/Frameworks/ApplicationServices.framework/Versions/A/Frameworks/ColorSync.framework/Versions/A/ColorSync
0x0000000005552000 	/System/Library/Frameworks/ApplicationServices.framework/Versions/A/Frameworks/HIServices.framework/Versions/A/HIServices
0x0000000005552000 	/System/Library/Frameworks/ApplicationServices.framework/Versions/A/Frameworks/LangAnalysis.framework/Versions/A/LangAnalysis
0x0000000005552000 	/System/Library/Frameworks/ApplicationServices.framework/Versions/A/Frameworks/PrintCore.framework/Versions/A/PrintCore
0x0000000005552000 	/System/Library/Frameworks/ApplicationServices.framework/Versions/A/Frameworks/QD.framework/Versions/A/QD
0x0000000005552000 	/System/Library/Frameworks/ApplicationServices.framework/Versions/A/Frameworks/SpeechSynthesis.framework/Versions/A/SpeechSynthesis
0x0000000005552000 	/System/Library/Frameworks/Metal.framework/Versions/A/Metal
0x0000000005552000 	/System/Library/Frameworks/Accelerate.framework/Versions/A/Frameworks/vImage.framework/Versions/A/vImage
0x0000000005552000 	/System/Library/Frameworks/Accelerate.framework/Versions/A/Frameworks/vecLib.framework/Versions/A/vecLib
0x0000000005552000 	/System/Library/Frameworks/Accelerate.framework/Versions/A/Frameworks/vecLib.framework/Versions/A/libvDSP.dylib
0x0000000005552000 	/System/Library/Frameworks/Accelerate.framework/Versions/A/Frameworks/vecLib.framework/Versions/A/libvMisc.dylib
0x0000000005552000 	/System/Library/Frameworks/Accelerate.framework/Versions/A/Frameworks/vecLib.framework/Versions/A/libLAPACK.dylib
0x0000000005552000 	/System/Library/Frameworks/Accelerate.framework/Versions/A/Frameworks/vecLib.framework/Versions/A/libBLAS.dylib
0x0000000005552000 	/System/Library/Frameworks/Accelerate.framework/Versions/A/Frameworks/vecLib.framework/Versions/A/libLinearAlgebra.dylib
0x0000000005552000 	/System/Library/Frameworks/Accelerate.framework/Versions/A/Frameworks/vecLib.framework/Versions/A/libSparseBLAS.dylib
0x0000000005552000 	/System/Library/PrivateFrameworks/GPUCompiler.framework/libmetal_timestamp.dylib
0x0000000005552000 	/System/Library/Frameworks/OpenGL.framework/Versions/A/Libraries/libCoreFSCache.dylib
0x0000000005552000 	/System/Library/PrivateFrameworks/IOAccelerator.framework/Versions/A/IOAccelerator
0x0000000005552000 	/System/Library/Frameworks/ApplicationServices.framework/Versions/A/Frameworks/ATS.framework/Versions/A/Resources/libFontParser.dylib
0x0000000005552000 	/System/Library/Frameworks/ApplicationServices.framework/Versions/A/Frameworks/ATS.framework/Versions/A/Resources/libFontRegistry.dylib
0x0000000005552000 	/System/Library/PrivateFrameworks/AppleVPA.framework/Versions/A/AppleVPA
0x0000000005552000 	/System/Library/PrivateFrameworks/AppleJPEG.framework/Versions/A/AppleJPEG
0x0000000005552000 	/System/Library/Frameworks/ImageIO.framework/Versions/A/Resources/libJPEG.dylib
0x0000000005552000 	/System/Library/Frameworks/ImageIO.framework/Versions/A/Resources/libTIFF.dylib
0x0000000005552000 	/System/Library/Frameworks/ImageIO.framework/Versions/A/Resources/libPng.dylib
0x0000000005552000 	/System/Library/Frameworks/ImageIO.framework/Versions/A/Resources/libGIF.dylib
0x0000000005552000 	/System/Library/Frameworks/ImageIO.framework/Versions/A/Resources/libJP2.dylib
0x0000000005552000 	/System/Library/Frameworks/ImageIO.framework/Versions/A/Resources/libRadiance.dylib
0x0000000005552000 	/System/Library/Frameworks/CoreVideo.framework/Versions/A/CoreVideo
0x0000000005552000 	/System/Library/Frameworks/OpenGL.framework/Versions/A/Libraries/libGLU.dylib
0x0000000005552000 	/System/Library/Frameworks/OpenGL.framework/Versions/A/Libraries/libGFXShared.dylib
0x0000000005552000 	/System/Library/Frameworks/OpenGL.framework/Versions/A/Libraries/libGL.dylib
0x0000000005552000 	/System/Library/Frameworks/OpenGL.framework/Versions/A/Libraries/libGLImage.dylib
0x0000000005552000 	/System/Library/Frameworks/OpenGL.framework/Versions/A/Libraries/libCVMSPluginSupport.dylib
0x0000000005552000 	/System/Library/Frameworks/OpenGL.framework/Versions/A/Libraries/libCoreVMClient.dylib
0x0000000005552000 	/usr/lib/libcups.2.dylib
0x0000000005552000 	/System/Library/Frameworks/Kerberos.framework/Versions/A/Kerberos
0x0000000005552000 	/System/Library/Frameworks/GSS.framework/Versions/A/GSS
0x0000000005552000 	/usr/lib/libresolv.9.dylib
0x0000000005552000 	/usr/lib/libiconv.2.dylib
0x0000000005552000 	/System/Library/PrivateFrameworks/Heimdal.framework/Versions/A/Heimdal
0x0000000005552000 	/usr/lib/libheimdal-asn1.dylib
0x0000000005552000 	/System/Library/Frameworks/OpenDirectory.framework/Versions/A/OpenDirectory
0x0000000005552000 	/System/Library/PrivateFrameworks/CommonAuth.framework/Versions/A/CommonAuth
0x0000000005552000 	/System/Library/Frameworks/OpenDirectory.framework/Versions/A/Frameworks/CFOpenDirectory.framework/Versions/A/CFOpenDirectory
0x0000000005552000 	/System/Library/Frameworks/SecurityFoundation.framework/Versions/A/SecurityFoundation
0x0000000005552000 	/System/Library/PrivateFrameworks/LanguageModeling.framework/Versions/A/LanguageModeling
0x0000000005552000 	/usr/lib/libmarisa.dylib
0x0000000005552000 	/usr/lib/libChineseTokenizer.dylib
0x0000000005552000 	/usr/lib/libcmph.dylib
0x0000000005552000 	/usr/lib/libcompression.dylib
0x0000000005552000 	/System/Library/Frameworks/ServiceManagement.framework/Versions/A/ServiceManagement
0x0000000005552000 	/usr/lib/libxslt.1.dylib
0x0000000005552000 	/System/Library/Frameworks/Carbon.framework/Versions/A/Frameworks/Ink.framework/Versions/A/Ink
0x0000000005552000 	/usr/lib/libFosl_dynamic.dylib
0x0000000005552000 	/System/Library/PrivateFrameworks/FaceCore.framework/Versions/A/FaceCore
0x0000000005552000 	/System/Library/Frameworks/OpenCL.framework/Versions/A/OpenCL
0x0000000005552000 	/System/Library/PrivateFrameworks/CrashReporterSupport.framework/Versions/A/CrashReporterSupport
0x0000000005552000 	/System/Library/PrivateFrameworks/IconServices.framework/Versions/A/IconServices
0x0000000005552000 	/System/Library/PrivateFrameworks/Apple80211.framework/Versions/A/Apple80211
0x0000000005552000 	/System/Library/Frameworks/CoreWLAN.framework/Versions/A/CoreWLAN
0x0000000005552000 	/System/Library/Frameworks/IOBluetooth.framework/Versions/A/IOBluetooth
0x0000000005552000 	/System/Library/PrivateFrameworks/CoreWiFi.framework/Versions/A/CoreWiFi
0x0000000005552000 	/System/Library/Frameworks/CoreBluetooth.framework/Versions/A/CoreBluetooth
0x0000000005552000 	/System/Library/PrivateFrameworks/ChunkingLibrary.framework/Versions/A/ChunkingLibrary
0x0000000005552000 	/System/Library/PrivateFrameworks/DebugSymbols.framework/Versions/A/DebugSymbols
0x0000000005552000 	/System/Library/PrivateFrameworks/CoreSymbolication.framework/Versions/A/CoreSymbolication
0x0000000005552000 	/System/Library/PrivateFrameworks/Symbolication.framework/Versions/A/Symbolication
0x0000000005552000 	/System/Library/PrivateFrameworks/SpeechRecognitionCore.framework/Versions/A/SpeechRecognitionCore
0x000000010899c000 	/Library/Java/JavaVirtualMachines/jdk1.8.0_20.jdk/Contents/Home/jre/lib/server/libjvm.dylib
0x00000001098b7000 	/usr/lib/libstdc++.6.dylib
0x0000000109972000 	/Library/Java/JavaVirtualMachines/jdk1.8.0_20.jdk/Contents/Home/jre/lib/libverify.dylib
0x0000000109980000 	/Library/Java/JavaVirtualMachines/jdk1.8.0_20.jdk/Contents/Home/jre/lib/libjava.dylib
0x00000001099b5000 	/Applications/NetBeans/NetBeans 8.0.1.app/Contents/Resources/NetBeans/profiler/lib/deployed/jdk16/mac/libprofilerinterface.jnilib
0x00000001099c0000 	/System/Library/Frameworks/JavaVM.framework/Versions/A/JavaVM
0x00000001099cd000 	/System/Library/PrivateFrameworks/JavaLaunching.framework/Versions/A/JavaLaunching
0x00000001099e2000 	/Library/Java/JavaVirtualMachines/jdk1.8.0_20.jdk/Contents/Home/jre/lib/libzip.dylib
0x0000000124632000 	/System/Library/Frameworks/JavaVM.framework/Frameworks/JavaRuntimeSupport.framework/JavaRuntimeSupport
0x000000012464d000 	/System/Library/Frameworks/JavaVM.framework/Versions/A/Frameworks/JavaNativeFoundation.framework/Versions/A/JavaNativeFoundation
0x0000000005552000 	/System/Library/Frameworks/Carbon.framework/Versions/A/Carbon
0x0000000005552000 	/System/Library/Frameworks/Carbon.framework/Versions/A/Frameworks/CommonPanels.framework/Versions/A/CommonPanels
0x0000000005552000 	/System/Library/Frameworks/Carbon.framework/Versions/A/Frameworks/Help.framework/Versions/A/Help
0x0000000005552000 	/System/Library/Frameworks/Carbon.framework/Versions/A/Frameworks/ImageCapture.framework/Versions/A/ImageCapture
0x0000000005552000 	/System/Library/Frameworks/Carbon.framework/Versions/A/Frameworks/OpenScripting.framework/Versions/A/OpenScripting
0x0000000005552000 	/System/Library/Frameworks/Carbon.framework/Versions/A/Frameworks/Print.framework/Versions/A/Print
0x0000000005552000 	/System/Library/Frameworks/Carbon.framework/Versions/A/Frameworks/SecurityHI.framework/Versions/A/SecurityHI
0x0000000125f7e000 	/Library/Java/JavaVirtualMachines/jdk1.8.0_20.jdk/Contents/Home/jre/lib/libnet.dylib
0x0000000126003000 	/Library/Java/JavaVirtualMachines/jdk1.8.0_20.jdk/Contents/Home/jre/lib/libmanagement.dylib
0x0000000126010000 	/Library/Java/JavaVirtualMachines/jdk1.8.0_20.jdk/Contents/Home/jre/lib/libnio.dylib

VM Arguments:
jvm_args: -Dfile.encoding=UTF-8 -agentpath:/Applications/NetBeans/NetBeans 8.0.1.app/Contents/Resources/NetBeans/profiler/lib/deployed/jdk16/mac/libprofilerinterface.jnilib=/Applications/NetBeans/NetBeans 8.0.1.app/Contents/Resources/NetBeans/profiler/lib,5140,10 -XX:+HeapDumpOnOutOfMemoryError -XX:HeapDumpPath=/Users/san/UB/CSE-662/Project/code/PocketData/java/PhoneDataParser/nbproject/private/profiler 
java_command: edu.ub.tbd.Main -m d -s /Users/san/UB/CSE-662/Project/Run/OUTPUT
java_class_path (initial): /Users/san/UB/CSE-662/Project/code/PocketData/java/PhoneDataParser/lib/expression.jar:/Users/san/UB/CSE-662/Project/code/PocketData/java/PhoneDataParser/lib/json-simple-1.1.1.jar:/Users/san/UB/CSE-662/Project/code/PocketData/java/PhoneDataParser/lib/commons-lang3-3.4.jar:/Users/san/UB/CSE-662/Project/code/PocketData/java/PhoneDataParser/lib/commons-io-2.4.jar:/Users/san/UB/CSE-662/Project/code/PocketData/java/PhoneDataParser/lib/oliver_jsql_serializable.jar:/Users/san/UB/CSE-662/Project/code/PocketData/java/PhoneDataParser/build/classes
Launcher Type: SUN_STANDARD

Environment Variables:
PATH=/usr/bin:/bin:/usr/sbin:/sbin
LD_LIBRARY_PATH=/Library/Java/JavaVirtualMachines/jdk1.8.0_20.jdk/Contents/Home/jre/lib/amd64:/Library/Java/JavaVirtualMachines/jdk1.8.0_20.jdk/Contents/Home/jre/lib/i386:
SHELL=/bin/bash

Signal Handlers:
SIGSEGV: [libjvm.dylib+0x578fd7], sa_mask[0]=11111111011111110111111111111111, sa_flags=SA_ONSTACK|SA_RESTART|SA_SIGINFO
SIGBUS: [libjvm.dylib+0x578fd7], sa_mask[0]=11111111011111110111111111111111, sa_flags=SA_RESTART|SA_SIGINFO
SIGFPE: [libjvm.dylib+0x45ab0c], sa_mask[0]=11111111011111110111111111111111, sa_flags=SA_RESTART|SA_SIGINFO
SIGPIPE: [libjvm.dylib+0x45ab0c], sa_mask[0]=11111111011111110111111111111111, sa_flags=SA_RESTART|SA_SIGINFO
SIGXFSZ: [libjvm.dylib+0x45ab0c], sa_mask[0]=11111111011111110111111111111111, sa_flags=SA_RESTART|SA_SIGINFO
SIGILL: [libjvm.dylib+0x45ab0c], sa_mask[0]=11111111011111110111111111111111, sa_flags=SA_RESTART|SA_SIGINFO
SIGUSR1: SIG_DFL, sa_mask[0]=00000000000000000000000000000000, sa_flags=none
SIGUSR2: [libjvm.dylib+0x45a62a], sa_mask[0]=00100000000000000000000000000000, sa_flags=SA_RESTART|SA_SIGINFO
SIGHUP: [libjvm.dylib+0x458bfd], sa_mask[0]=11111111011111110111111111111111, sa_flags=SA_RESTART|SA_SIGINFO
SIGINT: SIG_IGN, sa_mask[0]=00000000000000000000000000000000, sa_flags=none
SIGTERM: [libjvm.dylib+0x458bfd], sa_mask[0]=11111111011111110111111111111111, sa_flags=SA_RESTART|SA_SIGINFO
SIGQUIT: [libjvm.dylib+0x458bfd], sa_mask[0]=11111111011111110111111111111111, sa_flags=SA_RESTART|SA_SIGINFO


---------------  S Y S T E M  ---------------

OS:Bsduname:Darwin 15.0.0 Darwin Kernel Version 15.0.0: Sat Sep 19 15:53:46 PDT 2015; root:xnu-3247.10.11~1/RELEASE_X86_64 x86_64
rlimit: STACK 8192k, CORE 0k, NPROC 709, NOFILE 10240, AS infinity
load average:5.97 7.07 6.96

CPU:total 4 (2 cores per cpu, 2 threads per core) family 6 model 69 stepping 1, cmov, cx8, fxsr, mmx, sse, sse2, sse3, ssse3, sse4.1, sse4.2, popcnt, avx, avx2, aes, clmul, erms, lzcnt, ht, tsc, tscinvbit, bmi1, bmi2

Memory: 4k page, physical 16777216k(51736k free)

/proc/meminfo:


vm_info: Java HotSpot(TM) 64-Bit Server VM (25.20-b23) for bsd-amd64 JRE (1.8.0_20-b26), built on Jul 30 2014 13:37:47 by "java_re" with gcc 4.2.1 (Based on Apple Inc. build 5658) (LLVM build 2336.9.00)

time: Wed Nov 25 15:20:09 2015
elapsed time: 1070 seconds (0d 0h 17m 50s)

